<?xml version="1.0" encoding="UTF-8"?>
<!-- Generated by org.testng.reporters.JUnitReportReporter -->
<testsuite hostname="praveena" failures="0" tests="2" name="javaprogrames.LongestPrefix" time="0.010" errors="0" timestamp="2023-01-09T14:13:09 PST" skipped="0">
  <testcase classname="javaprogrames.LongestPrefix" name="testcase2" time="0.002"/>
  <system-out/>
  <testcase classname="javaprogrames.LongestPrefix" name="testcase1" time="0.008"/>
  <system-out/>
</testsuite> <!-- javaprogrames.LongestPrefix -->
