<?xml version="1.0" encoding="UTF-8"?>
<!-- Generated by org.testng.reporters.JUnitReportReporter -->
<testsuite hostname="praveena" failures="0" tests="1" name="tests.AmazonTest" time="12.126" errors="0" timestamp="2023-01-13T15:39:15 PST" skipped="0">
  <testcase classname="tests.AmazonTest" name="verifyAddToCart" time="12.126"/>
  <system-out/>
</testsuite> <!-- tests.AmazonTest -->
