<?xml version="1.0" encoding="UTF-8"?>
<!-- Generated by org.testng.reporters.JUnitReportReporter -->
<testsuite hostname="praveena" failures="0" tests="2" name="javaprogrames.EbayDropdownAssignment" time="0.466" errors="0" timestamp="2023-01-11T10:01:06 PST" skipped="0">
  <testcase classname="javaprogrames.EbayDropdownAssignment" name="testcase1" time="0.010"/>
  <system-out/>
  <testcase classname="javaprogrames.EbayDropdownAssignment" name="testcase2" time="0.456"/>
  <system-out/>
</testsuite> <!-- javaprogrames.EbayDropdownAssignment -->
