<?xml version="1.0" encoding="UTF-8"?>
<!-- Generated by org.testng.reporters.JUnitReportReporter -->
<testsuite hostname="praveena" failures="0" tests="4" name="javaprogrames.GitAssignment" time="0.009" errors="0" timestamp="2023-01-15T13:16:31 PST" skipped="0">
  <testcase classname="javaprogrames.GitAssignment" name="testCase2" time="0.001"/>
  <system-out/>
  <testcase classname="javaprogrames.GitAssignment" name="testCase3" time="0.001"/>
  <system-out/>
  <testcase classname="javaprogrames.GitAssignment" name="testCase1" time="0.006"/>
  <system-out/>
  <testcase classname="javaprogrames.GitAssignment" name="testCase4" time="0.001"/>
  <system-out/>
</testsuite> <!-- javaprogrames.GitAssignment -->
