<?xml version="1.0" encoding="UTF-8"?>
<!-- Generated by org.testng.reporters.JUnitReportReporter -->
<testsuite hostname="praveena" failures="0" tests="2" name="javaprogrames.GitAssignment1" time="0.008" errors="0" timestamp="2023-01-15T21:27:12 PST" skipped="0">
  <testcase classname="javaprogrames.GitAssignment1" name="testCase1" time="0.007"/>
  <system-out/>
  <testcase classname="javaprogrames.GitAssignment1" name="testCase2" time="0.001"/>
  <system-out/>
</testsuite> <!-- javaprogrames.GitAssignment1 -->
